number,value,datetime_start,datetime_complete,duration,params_colsample_bytree,params_learning_rate,params_max_depth,params_min_child_weight,params_n_estimators,params_reg_alpha,params_reg_lambda,params_subsample,state
0,0.22327255304816673,2026-07-22 06:38:51.268934,2026-07-22 06:40:22.964618,0 days 00:01:31.695684,0.5056994021387149,0.18201218126345872,11,11.08625813955638,2700,0.052707846583743403,0.04068229457500925,0.6163641639886454,COMPLETE
1,0.207548939461241,2026-07-22 06:40:22.979785,2026-07-22 06:42:40.051051,0 days 00:02:17.071266,0.8561872870410456,0.041918146970289824,8,11.324334333308267,1800,0.30111222251271,0.05062523846238371,0.8804477878014645,COMPLETE
2,0.22397338697702826,2026-07-22 06:42:40.060834,2026-07-22 06:43:31.190114,0 days 00:00:51.129280,0.9914352732767169,0.18493319815735432,6,5.157220155576732,1100,0.0032465556505996006,0.019432253744815553,0.5329041938936057,COMPLETE
3,0.23739310089399684,2026-07-22 06:43:31.198271,2026-07-22 06:43:59.705079,0 days 00:00:28.506808,0.9923747186426357,0.019607960922462968,6,18.026755092732067,500,0.0013029513369774966,0.025511673320133762,0.6727308059989335,COMPLETE
4,0.21270959726135658,2026-07-22 06:43:59.714594,2026-07-22 06:46:01.221069,0 days 00:02:01.506475,0.6350728707957327,0.09867230020421208,12,7.074106132873526,1400,1.6003815843960982,0.3572360054296637,0.7162379663952079,COMPLETE
5,0.2143953666456569,2026-07-22 06:46:01.229497,2026-07-22 06:47:31.425563,0 days 00:01:30.196066,0.8950862706691428,0.06100417671735413,10,1.6081549720901391,500,9.00297558632331,0.21669963210163248,0.7277239110529665,COMPLETE
6,0.24839203778129693,2026-07-22 06:47:31.434505,2026-07-22 06:47:49.519024,0 days 00:00:18.084519,0.5754850538287481,0.038089879034302325,4,12.914057290249719,500,0.13950096977314377,0.0025208510018424326,0.6076588997363731,COMPLETE
7,0.21895334958333032,2026-07-22 06:47:49.528618,2026-07-22 06:49:28.610285,0 days 00:01:39.081667,0.8309913561372338,0.1669222337389159,12,8.120031595337748,2300,0.11023558750034634,0.07648395311132422,0.7978751229370129,COMPLETE
8,0.24574612557837888,2026-07-22 06:49:28.618697,2026-07-22 06:49:54.662437,0 days 00:00:26.043740,0.7648526583509523,0.012255619180312757,7,9.198378986726855,400,0.24908352992356864,0.7650641761331373,0.5929418427598855,COMPLETE
9,0.20503486588620282,2026-07-22 06:49:54.670209,2026-07-22 06:52:33.205054,0 days 00:02:38.534845,0.7552911233410913,0.03358386146697082,11,12.155476673470647,1200,2.0904830182641247,0.763329498698229,0.8532577717027281,COMPLETE
10,0.24253493676355573,2026-07-22 06:52:33.215574,2026-07-22 06:54:25.448948,0 days 00:01:52.233374,0.7036007671182931,0.018835836596148552,3,19.49711916503737,3000,0.009091458068397206,8.977570615761069,0.9808298872167172,COMPLETE
11,0.20764584293009994,2026-07-22 06:54:25.456777,2026-07-22 06:56:40.640858,0 days 00:02:15.184081,0.8547125472632839,0.037161770250703406,8,14.148202566271838,1700,2.0937090639949756,1.5179088013350501,0.889646309813638,COMPLETE
12,0.2060075649781259,2026-07-22 06:56:40.648327,2026-07-22 06:59:17.210700,0 days 00:02:36.562373,0.7487385724584236,0.03883756311125984,9,15.323103948590381,1900,0.955531442423831,0.004190676896173514,0.875421665752416,COMPLETE
13,0.20650416975756486,2026-07-22 06:59:17.219351,2026-07-22 07:01:08.177799,0 days 00:01:50.958448,0.7057303829825086,0.02380525215782148,10,15.55442614067649,1100,1.333065289652538,0.001090732932918078,0.8482775580266676,COMPLETE
14,0.20800946223260394,2026-07-22 07:01:08.187302,2026-07-22 07:04:42.549790,0 days 00:03:34.362488,0.7630218974703098,0.07383600082117713,9,16.493520082845897,2200,7.329365085403347,0.005214186528544066,0.9812878543649731,COMPLETE
15,0.207672165251704,2026-07-22 07:04:42.558069,2026-07-22 07:06:30.013975,0 days 00:01:47.455906,0.6885732771939912,0.029443070186804202,10,12.755303538645627,1000,0.7074997609293892,5.900390074200181,0.8052765786105196,COMPLETE
16,0.20627646826077278,2026-07-22 07:06:30.021851,2026-07-22 07:10:29.413623,0 days 00:03:59.391772,0.7689705429942828,0.01138457126327947,11,16.57559030444436,2000,3.5338426850423157,0.007611888332000805,0.9191328997069071,COMPLETE
17,0.2076860267693897,2026-07-22 07:10:29.421844,2026-07-22 07:12:09.676250,0 days 00:01:40.254406,0.6145319516370045,0.05556030246058978,9,14.353712944909937,1300,0.5638721640225152,3.5103569763736147,0.8051527742152301,COMPLETE
18,0.209391478842715,2026-07-22 07:12:09.684366,2026-07-22 07:14:14.413739,0 days 00:02:04.729373,0.9217590037823795,0.1103939246427742,11,19.901163218232945,1600,0.0486078230158577,0.17204252448605695,0.9347997028814558,COMPLETE
19,0.20837413888646852,2026-07-22 07:14:14.423661,2026-07-22 07:17:40.412442,0 days 00:03:25.988781,0.8042384775563141,0.01583110752010826,8,9.847588320044753,2500,3.7843314292833603,1.1915868683999657,0.7539204425428646,COMPLETE
20,0.21899657880610546,2026-07-22 07:17:40.420096,2026-07-22 07:19:09.119189,0 days 00:01:28.699093,0.6679966812388254,0.03057066304381453,5,5.928828889415652,2000,0.021150031903883388,0.010678783636956693,0.8385274138999083,COMPLETE
21,0.20678339852013677,2026-07-22 07:19:09.126664,2026-07-22 07:23:00.347387,0 days 00:03:51.220723,0.7611487271542169,0.010157062523030424,11,17.236627333098255,2000,3.3483646389166415,0.006312946232088229,0.9260303067088144,COMPLETE
22,0.2058075392163264,2026-07-22 07:23:00.354900,2026-07-22 07:24:45.972249,0 days 00:01:45.617349,0.7497398362792246,0.050478096947868756,12,14.779267211699894,800,0.7778875793101738,0.001031278610750184,0.9286691520166201,COMPLETE
23,0.2057961910895493,2026-07-22 07:24:45.981708,2026-07-22 07:26:29.098792,0 days 00:01:43.117084,0.7163408776107029,0.04852358030734037,12,14.115736643395573,800,0.7164853135930546,0.0010449539496692384,0.8747149947403369,COMPLETE
24,0.20583989836176309,2026-07-22 07:26:29.108156,2026-07-22 07:28:14.814523,0 days 00:01:45.706367,0.7244050259815927,0.050475355013058554,12,12.630006747064192,800,0.35080694461603396,0.001349569230905972,0.9497849440490427,COMPLETE
25,0.20886978951347018,2026-07-22 07:28:14.824490,2026-07-22 07:29:49.387844,0 days 00:01:34.563354,0.8090155387263724,0.07527082339057312,12,10.94892475751908,700,0.5499117984451187,0.0023278555455843626,0.8424950869958694,COMPLETE
26,0.20809571827140952,2026-07-22 07:29:49.395497,2026-07-22 07:31:10.560354,0 days 00:01:21.164857,0.6089047195629262,0.028104241554817177,11,14.494970989243198,800,0.11277659973419168,0.0018771436039989639,0.7745887813442891,COMPLETE
27,0.2066718229017625,2026-07-22 07:31:10.567811,2026-07-22 07:34:10.382179,0 days 00:02:59.814368,0.6756357281157953,0.07347985468296182,12,13.073302746843064,1300,2.171795752630012,0.016057745018572912,0.9970755077847634,COMPLETE
28,0.20722120326201257,2026-07-22 07:34:10.390553,2026-07-22 07:35:24.575397,0 days 00:01:14.184844,0.5567718064193063,0.04655377229477887,10,18.07397670462383,900,0.22163725500019948,0.0036084404757051654,0.9006186834490845,COMPLETE
29,0.2090918094529671,2026-07-22 07:35:24.583249,2026-07-22 07:37:33.062768,0 days 00:02:08.479519,0.6571926435732603,0.10153307244035031,11,11.298540920414865,1500,0.060658971920226214,0.10482616646907081,0.9505928454233653,COMPLETE
30,0.20685032829029257,2026-07-22 15:37:18.392402,2026-07-22 15:39:20.698851,0 days 00:02:02.306449,0.7316885128050997,0.06008139943199082,11,10.872264513964927,1200,1.068632735146157,0.001010700398359069,0.8546308733434738,COMPLETE
31,0.20594625625341673,2026-07-22 15:39:20.708570,2026-07-22 15:40:43.513243,0 days 00:01:22.804673,0.7224787417823217,0.04714792883109412,12,12.51580829199848,700,0.44523637263208105,0.0013866499709557969,0.956551337075849,COMPLETE
32,0.20536765600136375,2026-07-22 15:40:43.521885,2026-07-22 15:42:18.514102,0 days 00:01:34.992217,0.7953795905222443,0.05020176107140436,12,15.374817276401089,900,0.3267280467601433,0.0026739330025999874,0.8970392306678563,COMPLETE
33,0.20530369692530837,2026-07-22 15:42:18.524006,2026-07-22 15:43:58.308162,0 days 00:01:39.784156,0.801694467036032,0.033714990961007184,12,15.490213784394399,900,0.2002026674285797,0.04114181312214138,0.9000924566011407,COMPLETE
34,0.2060775832489024,2026-07-22 15:43:58.315055,2026-07-22 15:45:32.253544,0 days 00:01:33.938489,0.7896285881162801,0.03477779469061042,11,15.856891385284502,1000,0.17882078592102515,0.03300729694617697,0.8763597800725904,COMPLETE
35,0.2070661302616859,2026-07-22 15:45:32.272476,2026-07-22 15:47:03.855632,0 days 00:01:31.583156,0.9037002065434082,0.02466034051712541,10,14.039440742779288,1100,0.0721350366116449,0.05646935433142086,0.8234104535890695,COMPLETE
36,0.21132113341473824,2026-07-22 15:47:03.862802,2026-07-22 15:48:04.950898,0 days 00:01:01.088096,0.8450041891221045,0.02057153005666706,12,18.78975866080536,600,0.039415548002846384,0.3935396878000935,0.9019759427236606,COMPLETE
37,0.20730344044013202,2026-07-22 15:48:04.960356,2026-07-22 15:49:59.080236,0 days 00:01:54.119880,0.9407440142749464,0.04444733971645348,11,17.18101262546834,1400,0.35337902093833445,0.01793529031712804,0.6756346395420416,COMPLETE
38,0.20695018274396454,2026-07-22 15:49:59.087775,2026-07-22 15:53:06.955193,0 days 00:03:07.867418,0.8198279097243664,0.032491030005579305,12,3.635660240785879,1000,5.7966336351515215,0.011422811358112362,0.8761272134339734,COMPLETE
39,0.21854099034230506,2026-07-22 15:53:06.966482,2026-07-22 15:53:51.373269,0 days 00:00:44.406787,0.8851782246779103,0.12884603210878348,10,9.847588320044753,600,0.017315784490025708,0.36526130615824104,0.5134044570860091,COMPLETE
40,0.20923348625778707,2026-07-22 15:53:51.379885,2026-07-22 15:54:40.850753,0 days 00:00:49.470868,0.7893002732046126,0.06666963821120234,12,11.989067405264649,400,1.813638251238218,0.03890379671130838,0.768407899667696,COMPLETE
41,0.20646802959223107,2026-07-22 15:54:40.858321,2026-07-22 15:56:08.002035,0 days 00:01:27.143714,0.7332973921863771,0.05438083363810454,12,14.765269354844003,800,0.8616706612107276,0.0028451104339711646,0.9183544364837625,COMPLETE
42,0.20642667396234105,2026-07-22 15:56:08.012280,2026-07-22 15:57:40.439960,0 days 00:01:32.427680,0.8700643583282649,0.042234657266844784,11,13.517776770696376,900,0.2683076406942915,0.0018854811980894362,0.8639185749156854,COMPLETE
43,0.20755847377377457,2026-07-22 15:57:40.446795,2026-07-22 15:59:38.114730,0 days 00:01:57.667935,0.784665076394256,0.08260350559653759,12,15.308694693004306,1200,0.17532474065543213,0.0033246833104893627,0.9014053317576823,COMPLETE
44,0.20935079007790156,2026-07-22 15:59:38.123482,2026-07-22 16:00:47.444083,0 days 00:01:09.320601,0.6994270367748124,0.025649752421615324,12,16.212142538198357,600,1.3562605652287687,0.14727035779786368,0.8307074118097589,COMPLETE
45,0.20524660606163062,2026-07-22 16:00:47.452676,2026-07-22 16:02:33.597775,0 days 00:01:46.145099,0.8292638929332764,0.0390521664024108,11,13.70189473592286,900,0.6982136093803839,0.6265792063784938,0.9648377763299907,COMPLETE
46,0.20565382176953828,2026-07-22 16:02:33.605389,2026-07-22 16:04:26.530478,0 days 00:01:52.925089,0.8317025606536405,0.03895513556367635,10,11.881033688971339,1100,0.3995679374672283,0.5565055618601339,0.9693377426349193,COMPLETE
47,0.2074006829604688,2026-07-22 16:04:26.538921,2026-07-22 16:06:07.907020,0 days 00:01:41.368099,0.8455760740733161,0.03671814990788592,9,11.8610538512871,1200,0.08912236884867478,0.5903821615106601,0.9747532353039512,COMPLETE
48,0.20819867073431655,2026-07-22 16:06:07.915438,2026-07-22 16:09:18.169285,0 days 00:03:10.253847,0.9560937587568412,0.021677665124858442,10,8.51378879673307,1400,0.3566972373437853,1.636233871888797,0.9971897742047994,COMPLETE
49,0.20806727293533855,2026-07-22 16:09:18.181619,2026-07-22 16:12:06.108823,0 days 00:02:47.927204,0.8277994665263289,0.01723994077702956,9,11.820228180191608,1600,0.004969173824046911,2.7010016280279396,0.9627584027840458,COMPLETE
50,0.20536348028916027,2026-07-22 16:12:06.125367,2026-07-22 16:14:52.724065,0 days 00:02:46.598698,0.8536046757734601,0.04075836835617938,10,10.292943737609974,1100,0.0014569805925707367,0.7298435381276142,0.9403324575095766,COMPLETE
51,0.20593607831508468,2026-07-22 16:14:52.741568,2026-07-22 16:17:44.918553,0 days 00:02:52.176985,0.8719930663544406,0.040161072584030434,10,10.127281954970307,1100,0.007180563036208583,0.9076609657108536,0.9443888691348787,COMPLETE
52,0.20646481389685553,2026-07-22 16:17:44.935790,2026-07-22 16:20:27.550098,0 days 00:02:42.614308,0.8334487136326924,0.032877731026185,10,8.243592994605248,1000,0.003696952897352388,0.2827952343799797,0.9724515765715835,COMPLETE
53,0.212872922139484,2026-07-22 16:20:27.566521,2026-07-22 16:22:27.698962,0 days 00:02:00.132441,0.7999668138264108,0.028244532467022587,7,7.491303081334447,1300,0.001179656835605539,0.620532750140553,0.9125145064102752,COMPLETE
54,0.20816414171620345,2026-07-22 16:22:27.711058,2026-07-22 16:24:36.168561,0 days 00:02:08.457503,0.8592890198689562,0.04111369233715841,9,10.414539646337767,900,2.909013502763435,2.197870320872522,0.896832640260201,COMPLETE
55,0.20587876442475772,2026-07-22 16:24:36.186599,2026-07-22 16:27:38.059854,0 days 00:03:01.873255,0.77468936464259,0.05762441592075357,11,9.131202339085595,1100,0.0018157687698966659,0.9420780481149532,0.9293428594230515,COMPLETE
56,0.24471642690433404,2026-07-22 16:27:38.093770,2026-07-22 16:28:55.642457,0 days 00:01:17.548687,0.8970568563695085,0.036156072357039534,3,13.766216620433022,1400,0.5430479373438923,0.22002361782090335,0.9786479334674248,COMPLETE
57,0.20829491846317766,2026-07-22 16:28:55.658952,2026-07-22 16:34:31.322164,0 days 00:05:35.663212,0.8150891874780248,0.029192118836232357,8,13.095487940516195,2900,9.696359472008293,0.5229808314619595,0.9403507471831569,COMPLETE
58,0.20761485612999878,2026-07-22 16:34:31.352482,2026-07-22 16:37:45.493910,0 days 00:03:14.141428,0.7448201356085764,0.06414623602886785,11,15.225991680328425,1200,0.0019828659924250942,4.686498389170977,0.8206681063978085,COMPLETE
59,0.2114605105064729,2026-07-22 16:37:45.515630,2026-07-22 16:39:47.291150,0 days 00:02:01.775520,0.8324341313541381,0.026162037573305725,10,17.03486251121112,700,5.188177524294265,1.306687828754824,0.9961707316963743,COMPLETE
60,0.20651129905690152,2026-07-23 04:57:18.594657,2026-07-23 04:59:12.600237,0 days 00:01:54.005580,0.8749383676756335,0.03296695074576222,11,9.05737881562337,900,0.03196144153964049,8.963598879542497,0.9640372770148861,COMPLETE
61,0.20613481424431224,2026-07-23 04:59:12.608786,2026-07-23 05:00:46.862298,0 days 00:01:34.253512,0.7738268230436336,0.048939013525857486,11,13.523031703157425,1000,1.1024340897078238,0.4555115846707892,0.8637023020970929,COMPLETE
62,0.2079695756053188,2026-07-23 05:00:46.869327,2026-07-23 05:02:28.008676,0 days 00:01:41.139349,0.7989649075651775,0.0431952114579579,12,12.225324194988035,1100,0.6311707487665855,0.10759414275174554,0.5670767976791584,COMPLETE
63,0.20801250810388697,2026-07-23 05:02:28.016003,2026-07-23 05:03:22.868990,0 days 00:00:54.852987,0.7512797614725982,0.052266241009339395,11,11.197365390154104,500,2.214557636593107,0.7497722169667358,0.8883821259123226,COMPLETE
64,0.2061890548821383,2026-07-23 05:03:22.876429,2026-07-23 05:04:37.835464,0 days 00:01:14.959035,0.8503947549690642,0.03811758869470052,11,14.440837305923148,800,0.13983210605367963,0.25109692908288106,0.9140860025068561,COMPLETE
65,0.20768197482481526,2026-07-23 05:04:37.842469,2026-07-23 05:05:50.350408,0 days 00:01:12.507939,0.9151512189370457,0.031184903757887825,10,15.830069570499504,900,0.44227059515412814,0.02507439074238765,0.8540742020615719,COMPLETE
66,0.2093627443330511,2026-07-23 05:05:50.357255,2026-07-23 05:06:52.464257,0 days 00:01:02.107002,0.5049283881400236,0.0444333994370686,12,18.004587546694722,700,1.3917783703779194,1.7525617670679692,0.881815521598161,COMPLETE
67,0.2328138590399395,2026-07-23 05:06:52.471196,2026-07-23 05:07:28.205263,0 days 00:00:35.734067,0.7051183807246204,0.035591051034132064,4,13.157411696075313,1200,0.23645831040350618,1.0985165810489763,0.9397623139482597,COMPLETE
68,0.20564089155889712,2026-07-23 05:07:28.211645,2026-07-23 05:09:24.164928,0 days 00:01:55.953283,0.8058989136979413,0.04898378979736941,10,11.646181842221695,1500,0.7643484711195689,0.05449909437598385,0.7935617733867026,COMPLETE
69,0.20644601565122084,2026-07-23 05:09:24.171922,2026-07-23 05:11:15.327946,0 days 00:01:51.156024,0.8053506593006321,0.022395678463136916,9,10.542914841105372,1700,0.011873165061313013,0.06539432400134979,0.7308581028138046,COMPLETE
70,0.20667190856832293,2026-07-23 05:11:15.336328,2026-07-23 05:13:29.229356,0 days 00:02:13.893028,0.8200340025797191,0.04070409942664815,10,11.528455755986379,1500,2.6292425034799667,0.09146940312145996,0.7890923796869822,COMPLETE
71,0.20596216269174655,2026-07-23 05:13:29.237202,2026-07-23 05:14:56.457729,0 days 00:01:27.220527,0.7607437585892802,0.047791754227571634,11,12.353492570878444,1000,0.8060177883861006,0.004809521578385744,0.7915523887075986,COMPLETE
72,0.2066392824839995,2026-07-23 05:14:56.464196,2026-07-23 05:16:52.727394,0 days 00:01:56.263198,0.7779571875153726,0.05777362181817905,12,13.835680450504253,1300,0.49410679632152443,0.009329782144637179,0.6833597194299875,COMPLETE
73,0.20732691572445816,2026-07-23 05:16:52.735099,2026-07-23 05:18:23.991932,0 days 00:01:31.256833,0.7203517388763689,0.06905748883882974,11,12.66663940314816,1100,0.9901007637240855,0.0014970749614073812,0.8623410971142534,COMPLETE
74,0.20587794703924,2026-07-23 05:18:23.998640,2026-07-23 05:20:06.183087,0 days 00:01:42.184447,0.8374517173616489,0.05202586204983589,10,15.01023288442715,1500,0.3132895443417647,0.1501879962591826,0.8100342359675042,COMPLETE
75,0.2089750344173697,2026-07-23 05:20:06.189977,2026-07-23 05:21:00.995782,0 days 00:00:54.805805,0.7901580751671164,0.0828009742678832,9,9.537651808996614,800,1.6801433479026378,0.30692367343722154,0.8419677504617512,COMPLETE
76,0.2049613465911757,2026-07-23 05:21:01.002955,2026-07-23 05:23:36.429999,0 days 00:02:35.427044,0.8557476101089724,0.046212145894466705,12,16.45842163501818,1800,0.19378294537574647,0.7113388197471858,0.9131745613134435,COMPLETE
77,0.20361919911493018,2026-07-23 05:23:36.439375,2026-07-23 05:26:11.169604,0 days 00:02:34.730229,0.8555349944400487,0.03885478097115671,11,16.79357879691862,1900,0.11415427177865799,0.7420639782557052,0.9077910734347105,COMPLETE
78,0.20464807239915409,2026-07-23 05:26:11.178176,2026-07-23 05:28:51.110021,0 days 00:02:39.931845,0.8617389811642326,0.03388481163339643,11,16.869354445785515,1900,0.17606112149896658,2.402553498991377,0.9139335866681285,COMPLETE
79,0.20431315216500234,2026-07-23 05:28:51.117482,2026-07-23 05:32:29.582549,0 days 00:03:38.465067,0.8869662162691836,0.02732993018472559,12,16.610643940056065,2100,0.16664526278373148,3.1406907772915797,0.9115657362424916,COMPLETE
80,0.2046376542047866,2026-07-23 05:32:29.590348,2026-07-23 05:35:36.011287,0 days 00:03:06.420939,0.8607447280180291,0.02788777814190216,11,17.925434568898034,2200,0.11421484790917291,2.464030767774274,0.9129350542180763,COMPLETE
81,0.20455208301692954,2026-07-23 05:35:36.018463,2026-07-23 05:38:29.951327,0 days 00:02:53.932864,0.8586884549416087,0.03398695503589833,11,17.71038977534099,2100,0.08183307241106888,3.058731397742363,0.911075696761915,COMPLETE
82,0.2043132240446029,2026-07-23 05:38:29.959523,2026-07-23 05:41:44.446174,0 days 00:03:14.486651,0.8804719291998977,0.026783957844105716,11,17.83900008283652,2200,0.10390264339210474,3.5651898338762247,0.9130617034966446,COMPLETE
83,0.20455388784705847,2026-07-23 05:41:44.454515,2026-07-23 05:44:51.922983,0 days 00:03:07.468468,0.884920634783362,0.027705678342744962,11,19.11707704865718,2200,0.12171507155493529,3.8692726968138658,0.9205528080537091,COMPLETE
84,0.20505452441152067,2026-07-23 05:44:51.930803,2026-07-23 05:48:04.385109,0 days 00:03:12.454306,0.9315314495307698,0.026591219025868525,11,19.047519416801485,2200,0.10817252794590795,3.7035371017396974,0.9220747168005065,COMPLETE
85,0.2055057458402212,2026-07-23 05:48:04.392539,2026-07-23 05:51:24.680588,0 days 00:03:20.288049,0.9611061735058273,0.02390482769149027,11,18.446815670845254,2200,0.0723387620326718,6.95512379541236,0.9123149036314993,COMPLETE
86,0.2042714601306271,2026-07-23 05:51:24.688296,2026-07-23 05:55:29.644539,0 days 00:04:04.956243,0.885971912688789,0.018206074388260277,12,19.971682783928173,2400,0.14835737039449734,2.5383317363881623,0.8900545420291093,COMPLETE
87,0.20432793888301126,2026-07-23 05:55:29.652342,2026-07-23 05:59:42.757868,0 days 00:04:13.105526,0.8857565004904706,0.01887950762592632,12,17.639947581986938,2400,0.14584221352326016,2.932611152169897,0.8915675814854014,COMPLETE
88,0.20477965863105912,2026-07-23 05:59:42.764952,2026-07-23 06:03:50.119153,0 days 00:04:07.354201,0.8885910029270311,0.013749623127934525,12,19.576597392809465,2400,0.13997793252124696,2.864333172485573,0.8879458307908696,COMPLETE
89,0.20462294806452933,2026-07-23 06:03:50.127499,2026-07-23 06:07:50.930066,0 days 00:04:00.802567,0.9031885859655213,0.018817838992209467,11,17.855389467188242,2500,0.049950678853014734,4.795416620641222,0.9306062452835732,COMPLETE
